2025-07-04 00:19:58 - Starting RewardControllerTest using Java 1.8.0_202 on DESKTOP-U55B6U2 with PID 6812 (started by Arun in E:\rewards-api)
2025-07-04 00:19:58 - No active profile set, falling back to 1 default profile: "default"
2025-07-04 00:20:01 - Initializing Spring TestDispatcherServlet ''
2025-07-04 00:20:01 - Initializing Servlet ''
2025-07-04 00:20:01 - Completed initialization in 2 ms
2025-07-04 00:20:01 - Started RewardControllerTest in 4.504 seconds (JVM running for 6.128)
2025-07-04 00:20:01 - Testing POST /api/rewards/customers for adding customer: Arunkumar
2025-07-04 00:20:01 - Received request to add new customer: Arunkumar
2025-07-04 00:20:01 - Customer added successfully with ID: 1001
2025-07-04 00:20:02 - Testing GET /api/rewards/customerRewards/1001 for reward summary...
2025-07-04 00:20:02 - Received request to calculate rewards for customer ID: 1001
2025-07-04 00:20:02 - Calculated total reward points for customer ID 1001: 60
2025-07-04 00:20:02 - GET /api/rewards/customerRewards/1001 test passed. Total Points: 60
2025-07-04 00:20:02 - Testing POST /api/rewards/customers/1001/transactions for transaction ID: 1
2025-07-04 00:20:02 - Received request to add transaction (ID: 1) to customer ID: 1001
2025-07-04 00:20:02 - Transaction added. Customer ID: 1001, New total transactions: 1
2025-07-04 00:20:02 - Neither @ContextConfiguration nor @ContextHierarchy found for test class [com.rewards.RewardsApplicationTests], using SpringBootContextLoader
2025-07-04 00:20:02 - Could not detect default resource locations for test class [com.rewards.RewardsApplicationTests]: no resource found for suffixes {-context.xml, Context.groovy}.
2025-07-04 00:20:02 - Could not detect default configuration classes for test class [com.rewards.RewardsApplicationTests]: RewardsApplicationTests does not declare any static, non-private, non-final, nested classes annotated with @Configuration.
2025-07-04 00:20:02 - Found @SpringBootConfiguration com.rewards.RewardsApplication for test class com.rewards.RewardsApplicationTests
2025-07-04 00:20:02 - Loaded default TestExecutionListener class names from location [META-INF/spring.factories]: [org.springframework.boot.test.mock.mockito.MockitoTestExecutionListener, org.springframework.boot.test.mock.mockito.ResetMocksTestExecutionListener, org.springframework.boot.test.autoconfigure.restdocs.RestDocsTestExecutionListener, org.springframework.boot.test.autoconfigure.web.client.MockRestServiceServerResetTestExecutionListener, org.springframework.boot.test.autoconfigure.web.servlet.MockMvcPrintOnlyOnFailureTestExecutionListener, org.springframework.boot.test.autoconfigure.web.servlet.WebDriverTestExecutionListener, org.springframework.boot.test.autoconfigure.webservices.client.MockWebServiceServerTestExecutionListener, org.springframework.test.context.web.ServletTestExecutionListener, org.springframework.test.context.support.DirtiesContextBeforeModesTestExecutionListener, org.springframework.test.context.event.ApplicationEventsTestExecutionListener, org.springframework.test.context.support.DependencyInjectionTestExecutionListener, org.springframework.test.context.support.DirtiesContextTestExecutionListener, org.springframework.test.context.transaction.TransactionalTestExecutionListener, org.springframework.test.context.jdbc.SqlScriptsTestExecutionListener, org.springframework.test.context.event.EventPublishingTestExecutionListener]
2025-07-04 00:20:02 - Using TestExecutionListeners: [org.springframework.test.context.web.ServletTestExecutionListener@551e4c6d, org.springframework.test.context.support.DirtiesContextBeforeModesTestExecutionListener@625a9c5d, org.springframework.test.context.event.ApplicationEventsTestExecutionListener@5d1e0fbb, org.springframework.boot.test.mock.mockito.MockitoTestExecutionListener@2eed37f4, org.springframework.boot.test.autoconfigure.SpringBootDependencyInjectionTestExecutionListener@9b76b60, org.springframework.test.context.support.DirtiesContextTestExecutionListener@3fb9a67f, org.springframework.test.context.event.EventPublishingTestExecutionListener@127705e4, org.springframework.boot.test.mock.mockito.ResetMocksTestExecutionListener@5562c2c9, org.springframework.boot.test.autoconfigure.restdocs.RestDocsTestExecutionListener@673c4f6e, org.springframework.boot.test.autoconfigure.web.client.MockRestServiceServerResetTestExecutionListener@15c487a8, org.springframework.boot.test.autoconfigure.web.servlet.MockMvcPrintOnlyOnFailureTestExecutionListener@3f36e8d1, org.springframework.boot.test.autoconfigure.web.servlet.WebDriverTestExecutionListener@7c011174, org.springframework.boot.test.autoconfigure.webservices.client.MockWebServiceServerTestExecutionListener@794366a5]
2025-07-04 00:20:02 - Starting RewardsApplicationTests using Java 1.8.0_202 on DESKTOP-U55B6U2 with PID 6812 (started by Arun in E:\rewards-api)
2025-07-04 00:20:02 - No active profile set, falling back to 1 default profile: "default"
2025-07-04 00:20:03 - Started RewardsApplicationTests in 1.381 seconds (JVM running for 8.162)
2025-07-04 00:20:03 - Initialized mocks for RewardService tests.
2025-07-04 00:20:03 - Attempting to add new customer: com.rewards.model.Customer@609319c3
2025-07-04 00:20:03 - Customer successfully added: com.rewards.model.Customer@609319c3
2025-07-04 00:20:03 - testAddCustomer passed: Customer 'Arunkumar' added successfully.
2025-07-04 00:20:03 - Closed mocks after test execution.
2025-07-04 00:20:03 - Initialized mocks for RewardService tests.
2025-07-04 00:20:03 - Initiating reward calculation for customer ID: 3
2025-07-04 00:20:03 - Total reward points calculated: 150
2025-07-04 00:20:03 - Total reward points calculated: 40
2025-07-04 00:20:03 - Reward calculation complete for customer ID 3. Total Points: 190
2025-07-04 00:20:03 - testCalculateRewards passed: Total points = 190
2025-07-04 00:20:03 - Closed mocks after test execution.
2025-07-04 00:20:03 - Initialized mocks for RewardService tests.
2025-07-04 00:20:03 - Total reward points calculated: 90
2025-07-04 00:20:03 - Adding transaction to customer ID: 2
2025-07-04 00:20:03 - Transaction ID 3 added to customer ID 2. Total transactions: 1
2025-07-04 00:20:03 - testAddTransaction passed: Transaction added with 90 points.
2025-07-04 00:20:03 - Closed mocks after test execution.
